<?xml version="1.0" encoding="UTF-8"?>
<!-- Generated by org.testng.reporters.JUnitReportReporter -->
<testsuite hostname="DESKTOP-IRC19RF" failures="0" tests="1" name="testNGWorkingWithParallelExecution.workingParallelExecutionYezdi" time="6.472" errors="0" timestamp="2023-12-14T12:03:23 IST" skipped="0">
  <testcase classname="testNGWorkingWithParallelExecution.workingParallelExecutionYezdi" name="Yezdi" time="6.472"/>
  <system-out/>
</testsuite> <!-- testNGWorkingWithParallelExecution.workingParallelExecutionYezdi -->
