<?xml version="1.0" encoding="UTF-8"?>
<!-- Generated by org.testng.reporters.JUnitReportReporter -->
<testsuite hostname="DESKTOP-IRC19RF" failures="0" tests="2" name="testNG.workingWithTestNgInvocationCount" time="80.373" errors="0" timestamp="2023-12-13T12:46:15 IST" skipped="0">
  <testcase classname="testNG.workingWithTestNgInvocationCount" name="supra" time="29.358"/>
  <system-out/>
  <testcase classname="testNG.workingWithTestNgInvocationCount" name="supra" time="51.015"/>
  <system-out/>
</testsuite> <!-- testNG.workingWithTestNgInvocationCount -->
