<?xml version="1.0" encoding="UTF-8"?>
<!-- Generated by org.testng.reporters.JUnitReportReporter -->
<testsuite hostname="DESKTOP-IRC19RF" failures="0" tests="2" name="testNG.workingWithTestNgPriority" time="73.670" errors="0" timestamp="2023-12-13T12:38:38 IST" skipped="0">
  <testcase classname="testNG.workingWithTestNgPriority" name="supra" time="27.568"/>
  <system-out/>
  <testcase classname="testNG.workingWithTestNgPriority" name="porsche" time="46.102"/>
  <system-out/>
</testsuite> <!-- testNG.workingWithTestNgPriority -->
