<?xml version="1.0" encoding="UTF-8"?>
<!-- Generated by org.testng.reporters.JUnitReportReporter -->
<testsuite hostname="DESKTOP-IRC19RF" failures="0" tests="2" name="testNG.workingWithTestNgThraedPoolSize" time="19.541" errors="0" timestamp="2023-12-13T12:59:18 IST" skipped="0">
  <testcase classname="testNG.workingWithTestNgThraedPoolSize" name="letCode" time="10.198"/>
  <system-out/>
  <testcase classname="testNG.workingWithTestNgThraedPoolSize" name="Vtiger" time="9.343"/>
  <system-out/>
</testsuite> <!-- testNG.workingWithTestNgThraedPoolSize -->
