<?xml version="1.0" encoding="UTF-8"?>
<!-- Generated by org.testng.reporters.JUnitReportReporter -->
<testsuite hostname="DESKTOP-IRC19RF" failures="0" tests="2" name="testNGworkingWithHelperAttributes.workingWithTestNgPriority" time="45.169" errors="0" timestamp="2023-12-18T18:00:26 IST" skipped="0">
  <testcase classname="testNGworkingWithHelperAttributes.workingWithTestNgPriority" name="supra" time="15.935"/>
  <testcase classname="testNGworkingWithHelperAttributes.workingWithTestNgPriority" name="porsche" time="29.234"/>
</testsuite> <!-- testNGworkingWithHelperAttributes.workingWithTestNgPriority -->
