<?xml version="1.0" encoding="UTF-8"?>
<!-- Generated by org.testng.reporters.JUnitReportReporter -->
<testsuite hostname="DESKTOP-IRC19RF" failures="0" tests="4" name="testNG.workingWithTestNgEnabled" time="70.812" errors="0" timestamp="2023-12-13T13:07:07 IST" skipped="1">
  <testcase classname="testNG.workingWithTestNgEnabled" name="bmw" time="13.838"/>
  <system-out/>
  <testcase classname="testNG.workingWithTestNgEnabled" name="porsche" time="10.875"/>
  <system-out/>
  <testcase classname="testNG.workingWithTestNgEnabled" name="porsche" time="46.099"/>
  <system-out/>
  <testcase classname="testNG.workingWithTestNgEnabled" name="supra">
    <skipped/>
  </testcase> <!-- supra -->
  <system-out/>
</testsuite> <!-- testNG.workingWithTestNgEnabled -->
