<?xml version="1.0" encoding="UTF-8"?>
<!-- Generated by org.testng.reporters.JUnitReportReporter -->
<testsuite hostname="DESKTOP-IRC19RF" failures="0" tests="3" name="dataProvider.workingWithDataProviderMultipleUserLoginExcel" time="48.876" errors="0" timestamp="2023-12-19T12:07:55 IST" skipped="0">
  <testcase classname="dataProvider.workingWithDataProviderMultipleUserLoginExcel" name="login" time="13.414"/>
  <testcase classname="dataProvider.workingWithDataProviderMultipleUserLoginExcel" name="login" time="24.802"/>
  <testcase classname="dataProvider.workingWithDataProviderMultipleUserLoginExcel" name="login" time="10.660"/>
</testsuite> <!-- dataProvider.workingWithDataProviderMultipleUserLoginExcel -->
