<?xml version="1.0" encoding="UTF-8"?>
<!-- Generated by org.testng.reporters.JUnitReportReporter -->
<testsuite hostname="DESKTOP-IRC19RF" failures="0" tests="2" name="testNGworkingWithHelperAttributes.workingWithTestNgInvocationCount" time="34.706" errors="0" timestamp="2023-12-14T18:03:02 IST" skipped="0">
  <testcase classname="testNGworkingWithHelperAttributes.workingWithTestNgInvocationCount" name="supra" time="14.790"/>
  <system-out/>
  <testcase classname="testNGworkingWithHelperAttributes.workingWithTestNgInvocationCount" name="supra" time="19.916"/>
  <system-out/>
</testsuite> <!-- testNGworkingWithHelperAttributes.workingWithTestNgInvocationCount -->
