<?xml version="1.0" encoding="UTF-8"?>
<!-- Generated by org.testng.reporters.JUnitReportReporter -->
<testsuite hostname="DESKTOP-IRC19RF" failures="0" tests="3" name="dataProvider.workingWithDataProviderMultipleUserReg" time="42.083" errors="0" timestamp="2023-12-19T11:19:45 IST" skipped="0">
  <testcase classname="dataProvider.workingWithDataProviderMultipleUserReg" name="register" time="13.620"/>
  <testcase classname="dataProvider.workingWithDataProviderMultipleUserReg" name="register" time="16.759"/>
  <testcase classname="dataProvider.workingWithDataProviderMultipleUserReg" name="register" time="11.704"/>
</testsuite> <!-- dataProvider.workingWithDataProviderMultipleUserReg -->
