<?xml version="1.0" encoding="UTF-8"?>
<!-- Generated by org.testng.reporters.JUnitReportReporter -->
<testsuite hostname="DESKTOP-IRC19RF" failures="0" tests="1" name="testNGWorkingWithParallelExecution.workingParallelExecutionVBmw" time="12.334" errors="0" timestamp="2023-12-14T17:32:26 IST" skipped="0">
  <testcase classname="testNGWorkingWithParallelExecution.workingParallelExecutionVBmw" name="Bmw" time="12.334"/>
  <system-out/>
</testsuite> <!-- testNGWorkingWithParallelExecution.workingParallelExecutionVBmw -->
